# fixed_bugs.log

Date: 2026-03-03
Project: /home/pinto_soldado/Documents/Criarte

## Deep Scan Summary
- Scanned repository layout, scripts, and runtime paths.
- Verified Python syntax for GUI and training scripts.
- Verified shell syntax for bash training helpers.

## Fixed Bugs
1. Script layout reorganization and path fixes
- Symptom: shell and Python automation files were mixed in one folder and referenced inconsistent locations.
- Fix: reorganized scripts into:
  - `scripts/bash/train_obb_amd.sh`
  - `scripts/bash/retrain_with_new_images.sh`
  - `scripts/python/model_viewer_gui.py`
  - `scripts/python/prepare_yolo_dataset.py`
  - `scripts/python/pseudo_label_and_train.py`
- Fix: updated internal path resolution to match the new structure.

2. Legacy virtualenv path in retrain script
- Symptom: `scripts/bash/retrain_with_new_images.sh` was hardcoded to `yolovenv` and failed in `.venv`/`.venv-rocm` setups.
- Fix: Added venv auto-detection with fallback order:
  - `.venv` -> `.venv-rocm` -> `yolovenv`
- Also switched YOLO launch to `yolo` CLI binary and corrected default COCO paths to `Backup/Data/SandwichPanel.coco/train`.

3. Outdated install hint in GUI
- Symptom: `scripts/python/model_viewer_gui.py` printed old `yolovenv` install command on PyQt import failure.
- Fix: Updated hint to `.venv/bin/python -m pip install PyQt5`.

4. Tab architecture updated for new workflows
- Symptom: No dedicated direct model training tab for AMD/NVIDIA.
- Fix: Implemented 3-tab GUI layout:
  - `Inference`
  - `Optimize` (renamed from old `Training` pseudo-label pipeline)
  - `Training` (new direct OBB training tab with platform selector AMD/NVIDIA)

5. Optimize mode profiles (AMD/NVIDIA/CPU)
- Symptom: Optimization flow had a single generic device input with no explicit platform profiles.
- Fix: Added Optimize subtabs in GUI:
  - `AMD`
  - `NVIDIA`
  - `CPU`
- Fix: Extended `scripts/python/pseudo_label_and_train.py` with platform-aware arguments:
  - `--platform auto|amd|nvidia|cpu`
  - `--hsa-gfx`
  - `--amp true|false`
  - `--train-val true|false`
- Fix: Added AMD-safe defaults in optimization script:
  - `amp=False` and `train val=False` if not explicitly overridden.
  - `HSA_OVERRIDE_GFX_VERSION` exported from `--hsa-gfx` when platform is AMD.

## Validation Performed
- `python -m py_compile scripts/python/model_viewer_gui.py scripts/python/prepare_yolo_dataset.py scripts/python/pseudo_label_and_train.py`
- `bash -n scripts/bash/train_obb_amd.sh scripts/bash/retrain_with_new_images.sh`

## Known Constraints (Not Fixed in This Pass)
- Existing files under top-level `bash/` are not removable in this environment due filesystem permission constraints.
- Active workflow should use scripts under `scripts/bash` and `scripts/python`.
